<?xml version="1.0" encoding="UTF-8"?>
<!-- Generated by org.testng.reporters.JUnitReportReporter -->
<testsuite hostname="LAPTOP-G0FLMD95" name="TrainingTest1.Registration" tests="1" failures="0" timestamp="29 Apr 2018 08:13:10 GMT" time="24.688" errors="0">
  <testcase name="createAccount" time="24.688" classname="TrainingTest1.Registration"/>
</testsuite> <!-- TrainingTest1.Registration -->
